0 info it worked if it ends with ok
1 verbose cli [ '/Users/alexpsi/.nvm/versions/node/v6.3.1/bin/node',
1 verbose cli   '/Users/alexpsi/.nvm/versions/node/v6.3.1/bin/npm',
1 verbose cli   'run',
1 verbose cli   'test-node' ]
2 info using npm@3.10.3
3 info using node@v6.3.1
4 verbose run-script [ 'pretest-node', 'test-node', 'posttest-node' ]
5 info lifecycle tx-api@1.0.0~pretest-node: tx-api@1.0.0
6 silly lifecycle tx-api@1.0.0~pretest-node: no script for pretest-node, continuing
7 info lifecycle tx-api@1.0.0~test-node: tx-api@1.0.0
8 verbose lifecycle tx-api@1.0.0~test-node: unsafe-perm in lifecycle true
9 verbose lifecycle tx-api@1.0.0~test-node: PATH: /Users/alexpsi/.nvm/versions/node/v6.3.1/lib/node_modules/npm/bin/node-gyp-bin:/Users/alexpsi/tx/txApi/node_modules/.bin:/Users/alexpsi/.nvm/versions/node/v6.3.1/bin:/Users/alexpsi/.nvm/versions/node/v6.3.1/bin:/usr/local/Cellar/pyenv-virtualenv/20160202/shims:/usr/local/Cellar/pyenv/20160310/libexec:/Users/alexpsi/.pyenv/shims:/usr/local/opt/openvpn/sbin:/usr/local/Cellar/pyenv-virtualenv/20160202/shims:/usr/local/Cellar/pyenv/20160310/libexec:/Users/alexpsi/.pyenv/shims:/usr/local/bin:/usr/bin:/bin:/usr/sbin:/sbin
10 verbose lifecycle tx-api@1.0.0~test-node: CWD: /Users/alexpsi/tx/txApi
11 silly lifecycle tx-api@1.0.0~test-node: Args: [ '-c',
11 silly lifecycle   'mocha  --recursive --bail  -t 6000 --reporter spec mocha.config.js tests/*.js' ]
12 silly lifecycle tx-api@1.0.0~test-node: Returned: code: 1  signal: null
13 info lifecycle tx-api@1.0.0~test-node: Failed to exec test-node script
14 verbose stack Error: tx-api@1.0.0 test-node: `mocha  --recursive --bail  -t 6000 --reporter spec mocha.config.js tests/*.js`
14 verbose stack Exit status 1
14 verbose stack     at EventEmitter.<anonymous> (/Users/alexpsi/.nvm/versions/node/v6.3.1/lib/node_modules/npm/lib/utils/lifecycle.js:242:16)
14 verbose stack     at emitTwo (events.js:106:13)
14 verbose stack     at EventEmitter.emit (events.js:191:7)
14 verbose stack     at ChildProcess.<anonymous> (/Users/alexpsi/.nvm/versions/node/v6.3.1/lib/node_modules/npm/lib/utils/spawn.js:40:14)
14 verbose stack     at emitTwo (events.js:106:13)
14 verbose stack     at ChildProcess.emit (events.js:191:7)
14 verbose stack     at maybeClose (internal/child_process.js:852:16)
14 verbose stack     at Process.ChildProcess._handle.onexit (internal/child_process.js:215:5)
15 verbose pkgid tx-api@1.0.0
16 verbose cwd /Users/alexpsi/tx/txApi
17 error Darwin 15.6.0
18 error argv "/Users/alexpsi/.nvm/versions/node/v6.3.1/bin/node" "/Users/alexpsi/.nvm/versions/node/v6.3.1/bin/npm" "run" "test-node"
19 error node v6.3.1
20 error npm  v3.10.3
21 error code ELIFECYCLE
22 error tx-api@1.0.0 test-node: `mocha  --recursive --bail  -t 6000 --reporter spec mocha.config.js tests/*.js`
22 error Exit status 1
23 error Failed at the tx-api@1.0.0 test-node script 'mocha  --recursive --bail  -t 6000 --reporter spec mocha.config.js tests/*.js'.
23 error Make sure you have the latest version of node.js and npm installed.
23 error If you do, this is most likely a problem with the tx-api package,
23 error not with npm itself.
23 error Tell the author that this fails on your system:
23 error     mocha  --recursive --bail  -t 6000 --reporter spec mocha.config.js tests/*.js
23 error You can get information on how to open an issue for this project with:
23 error     npm bugs tx-api
23 error Or if that isn't available, you can get their info via:
23 error     npm owner ls tx-api
23 error There is likely additional logging output above.
24 verbose exit [ 1, true ]
